<?xml version="1.0" encoding="UTF-8"?>
<testsuites name="Mocha Tests" time="67.142" tests="4" failures="0">
  <testsuite name="Root Suite" timestamp="2023-02-04T22:49:48" tests="0" time="0.000" failures="0">
  </testsuite>
  <testsuite name="Test script" timestamp="2023-02-04T22:49:48" tests="1" file="/home/juandu/Escritorio/INGSOFT3/ingsoft3/tpIntegrador/integration_tests/integration-b1test.spec.js" time="17.524" failures="0">
    <testcase name="Test script Vote B check" time="9.820" classname="Vote B check">
    </testcase>
  </testsuite>
  <testsuite name="Test script" timestamp="2023-02-04T22:50:06" tests="1" file="/home/juandu/Escritorio/INGSOFT3/ingsoft3/tpIntegrador/integration_tests/integration-b2test.spec.js" time="16.554" failures="0">
    <testcase name="Test script Vote B Percent check" time="8.865" classname="Vote B Percent check">
    </testcase>
  </testsuite>
  <testsuite name="Test script" timestamp="2023-02-04T22:50:22" tests="1" file="/home/juandu/Escritorio/INGSOFT3/ingsoft3/tpIntegrador/integration_tests/integration_a1test.spec.js" time="16.773" failures="0">
    <testcase name="Test script Vote A check" time="9.390" classname="Vote A check">
    </testcase>
  </testsuite>
  <testsuite name="Test script" timestamp="2023-02-04T22:50:39" tests="1" file="/home/juandu/Escritorio/INGSOFT3/ingsoft3/tpIntegrador/integration_tests/integration_a2test.spec.js" time="16.290" failures="0">
    <testcase name="Test script Vote A Percent check" time="8.861" classname="Vote A Percent check">
    </testcase>
  </testsuite>
</testsuites>